Arguments: 
  /usr/local/Cellar/node/8.2.1/bin/node /usr/local/Cellar/yarn/0.27.5_1/libexec/bin/yarn.js start

PATH: 
  /Users/ego/anaconda/bin:/usr/local/bin:/usr/bin:/bin:/usr/sbin:/sbin:/usr/local/go/bin:/Applications/Postgres.app/Contents/Versions/latest/bin

Yarn version: 
  0.27.5

Node version: 
  8.2.1

Platform: 
  darwin x64

npm manifest: 
  {
    "name": "myReadsApp",
    "version": "0.1.0",
    "dependencies": {
      "prop-types": "^15.5.8",
      "react": "^15.5.4",
      "react-dom": "^15.5.4",
      "yarn": "^0.27.5"
    },
    "devDependencies": {
      "react-scripts": "0.9.5"
    },
    "scripts": {
      "start": "react-scripts start",
      "build": "react-scripts build",
      "test": "react-scripts test --env=jsdom",
      "eject": "react-scripts eject"
    }
      "description": "This project was bootstrapped with [Create React App](https://github.com/facebookincubator/create-react-app).",
    "main": "index.js",
    "devDependencies": {},
    "repository": {
      "type": "git",
      "url": "git+https://github.com/ergoego/myReadsApp.git"
    },
    "author": "",
    "license": "ISC",
    "bugs": {
      "url": "https://github.com/ergoego/myReadsApp/issues"
    },
    "homepage": "https://github.com/ergoego/myReadsApp#readme"
  }

yarn manifest: 
  No manifest

Lockfile: 
  No lockfile

Trace: 
  SyntaxError: /Users/ego/myReadsApp/reactnd-project-myreads-starter/package.json: Unexpected string in JSON at position 409
      at JSON.parse (<anonymous>)
      at /usr/local/Cellar/yarn/0.27.5_1/libexec/lib/yarn-cli.js:747:57
      at Generator.next (<anonymous>)
      at step (/usr/local/Cellar/yarn/0.27.5_1/libexec/lib/yarn-cli.js:91:30)
      at /usr/local/Cellar/yarn/0.27.5_1/libexec/lib/yarn-cli.js:102:13
      at <anonymous>
